<?xml version="1.0" encoding="UTF-8"?>
<testsuite name="com.capgemini.chess.AllTests" time="0.014" tests="11" errors="0" skipped="0" failures="0">
  <properties>
    <property name="java.runtime.name" value="Java(TM) SE Runtime Environment"/>
    <property name="sun.boot.library.path" value="C:\starterkit\eclipse\jre\jre\bin"/>
    <property name="java.vm.version" value="25.66-b18"/>
    <property name="user.country.format" value="DE"/>
    <property name="java.vm.vendor" value="Oracle Corporation"/>
    <property name="maven.multiModuleProjectDirectory" value="C:\projects\starterkit\todo-jee\workspace\00_startingPoint\Chess_with_ScheduledTask"/>
    <property name="java.vendor.url" value="http://java.oracle.com/"/>
    <property name="path.separator" value=";"/>
    <property name="guice.disable.misplaced.annotation.check" value="true"/>
    <property name="java.vm.name" value="Java HotSpot(TM) 64-Bit Server VM"/>
    <property name="file.encoding.pkg" value="sun.io"/>
    <property name="user.script" value=""/>
    <property name="user.country" value="US"/>
    <property name="sun.java.launcher" value="SUN_STANDARD"/>
    <property name="sun.os.patch.level" value="Service Pack 1"/>
    <property name="java.vm.specification.name" value="Java Virtual Machine Specification"/>
    <property name="user.dir" value="C:\projects\starterkit\todo-jee\workspace\00_startingPoint\Chess_with_ScheduledTask"/>
    <property name="java.runtime.version" value="1.8.0_66-b18"/>
    <property name="java.awt.graphicsenv" value="sun.awt.Win32GraphicsEnvironment"/>
    <property name="java.endorsed.dirs" value="C:\starterkit\eclipse\jre\jre\lib\endorsed"/>
    <property name="os.arch" value="amd64"/>
    <property name="java.io.tmpdir" value="C:\Users\JBLAZKOW\AppData\Local\Temp\"/>
    <property name="line.separator" value="&#10;"/>
    <property name="java.vm.specification.vendor" value="Oracle Corporation"/>
    <property name="user.variant" value=""/>
    <property name="os.name" value="Windows 7"/>
    <property name="classworlds.conf" value="C:\projects\starterkit\todo-jee\workspace\.metadata\.plugins\org.eclipse.m2e.launching\launches\m2conf2172225990451040179.tmp"/>
    <property name="sun.jnu.encoding" value="Cp1252"/>
    <property name="java.library.path" value="C:\starterkit\eclipse\jre\bin;C:\WINDOWS\Sun\Java\bin;C:\WINDOWS\system32;C:\WINDOWS;C:/starterkit/eclipse/jre/bin/../jre/bin/server;C:/starterkit/eclipse/jre/bin/../jre/bin;C:/starterkit/eclipse/jre/bin/../jre/lib/amd64;C:\Program Files (x86)\Intel\iCLS Client\;C:\Program Files\Intel\iCLS Client\;C:\WINDOWS\system32;C:\WINDOWS;C:\WINDOWS\System32\Wbem;C:\WINDOWS\System32\WindowsPowerShell\v1.0\;C:\Program Files\Intel\Intel(R) Management Engine Components\DAL;C:\Program Files\Intel\Intel(R) Management Engine Components\IPT;C:\Program Files (x86)\Intel\Intel(R) Management Engine Components\DAL;C:\Program Files (x86)\Intel\Intel(R) Management Engine Components\IPT;C:\Program Files\TortoiseGit\bin;C:\Program Files\TortoiseSVN\bin;C:\starterkit\eclipse;;."/>
    <property name="java.specification.name" value="Java Platform API Specification"/>
    <property name="java.class.version" value="52.0"/>
    <property name="sun.management.compiler" value="HotSpot 64-Bit Tiered Compilers"/>
    <property name="os.version" value="6.1"/>
    <property name="user.home" value="C:\Users\JBLAZKOW"/>
    <property name="user.timezone" value="Europe/Berlin"/>
    <property name="java.awt.printerjob" value="sun.awt.windows.WPrinterJob"/>
    <property name="java.specification.version" value="1.8"/>
    <property name="file.encoding" value="Cp1252"/>
    <property name="user.name" value="JBLAZKOW"/>
    <property name="java.class.path" value="/C:/starterkit/eclipse/plugins/org.eclipse.m2e.maven.runtime_1.7.0.20160603-1931/jars/plexus-classworlds-2.5.2.jar"/>
    <property name="java.vm.specification.version" value="1.8"/>
    <property name="sun.arch.data.model" value="64"/>
    <property name="java.home" value="C:\starterkit\eclipse\jre\jre"/>
    <property name="sun.java.command" value="org.codehaus.plexus.classworlds.launcher.Launcher -B install"/>
    <property name="java.specification.vendor" value="Oracle Corporation"/>
    <property name="user.language" value="en"/>
    <property name="user.language.format" value="de"/>
    <property name="awt.toolkit" value="sun.awt.windows.WToolkit"/>
    <property name="java.vm.info" value="mixed mode"/>
    <property name="java.version" value="1.8.0_66"/>
    <property name="java.ext.dirs" value="C:\starterkit\eclipse\jre\jre\lib\ext;C:\WINDOWS\Sun\Java\lib\ext"/>
    <property name="sun.boot.class.path" value="C:\starterkit\eclipse\jre\jre\lib\resources.jar;C:\starterkit\eclipse\jre\jre\lib\rt.jar;C:\starterkit\eclipse\jre\jre\lib\sunrsasign.jar;C:\starterkit\eclipse\jre\jre\lib\jsse.jar;C:\starterkit\eclipse\jre\jre\lib\jce.jar;C:\starterkit\eclipse\jre\jre\lib\charsets.jar;C:\starterkit\eclipse\jre\jre\lib\jfr.jar;C:\starterkit\eclipse\jre\jre\classes"/>
    <property name="java.vendor" value="Oracle Corporation"/>
    <property name="maven.home" value="C:\projects\starterkit\todo-jee\workspace\00_startingPoint\Chess_with_ScheduledTask\EMBEDDED"/>
    <property name="file.separator" value="\"/>
    <property name="java.vendor.url.bug" value="http://bugreport.sun.com/bugreport/"/>
    <property name="sun.cpu.endian" value="little"/>
    <property name="sun.io.unicode.encoding" value="UnicodeLittle"/>
    <property name="sun.desktop" value="windows"/>
    <property name="sun.cpu.isalist" value="amd64"/>
  </properties>
  <testcase name="testReadUserSuccessful" classname="com.capgemini.chess.service.UserServiceTest" time="0.005"/>
  <testcase name="shouldChangeUserEmailForExistingUser" classname="com.capgemini.chess.service.AdministrationServiceTest" time="0.002"/>
  <testcase name="shouldChangeAboutMeForExistingUser" classname="com.capgemini.chess.service.AdministrationServiceTest" time="0.001"/>
  <testcase name="shouldDeleteExistingUser" classname="com.capgemini.chess.service.AdministrationServiceTest" time="0.001"/>
  <testcase name="shouldFindExistingPlayerById" classname="com.capgemini.chess.service.AdministrationServiceTest" time="0.001"/>
  <testcase name="shouldFindExistingPlayerByLastname" classname="com.capgemini.chess.service.AdministrationServiceTest" time="0.001"/>
  <testcase name="shouldChangeUserFirstNameForExistingUser" classname="com.capgemini.chess.service.AdministrationServiceTest" time="0"/>
  <testcase name="shouldChangeUserLastNameForExistingUser" classname="com.capgemini.chess.service.AdministrationServiceTest" time="0.001"/>
  <testcase name="shouldFindExistingPlayerByFirstname" classname="com.capgemini.chess.service.AdministrationServiceTest" time="0"/>
  <testcase name="shouldChangeLifeMottoForExistingUser" classname="com.capgemini.chess.service.AdministrationServiceTest" time="0.001"/>
  <testcase name="shouldNotFindNotExistingPlayer" classname="com.capgemini.chess.service.AdministrationServiceTest" time="0.001"/>
</testsuite>